[2026-06-27 12:52:20] testing.ERROR: Please provide a valid cache path. {"exception":"[object] (InvalidArgumentException(code: 0): Please provide a valid cache path. at /var/www/html/souvenirbag/vendor/laravel/framework/src/Illuminate/View/Compilers/Compiler.php:67)
[stacktrace]
#0 /var/www/html/souvenirbag/vendor/laravel/framework/src/Illuminate/View/ViewServiceProvider.php(102): Illuminate\\View\\Compilers\\Compiler->__construct(Object(Illuminate\\Filesystem\\Filesystem), false, '', true, 'php')
#1 /var/www/html/souvenirbag/vendor/laravel/framework/src/Illuminate/Container/Container.php(908): Illuminate\\View\\ViewServiceProvider->Illuminate\\View\\{closure}(Object(Illuminate\\Foundation\\Application), Array)
#2 /var/www/html/souvenirbag/vendor/laravel/framework/src/Illuminate/Container/Container.php(795): Illuminate\\Container\\Container->build(Object(Closure))
#3 /var/www/html/souvenirbag/vendor/laravel/framework/src/Illuminate/Foundation/Application.php(963): Illuminate\\Container\\Container->resolve('blade.compiler', Array, true)
#4 /var/www/html/souvenirbag/vendor/laravel/framework/src/Illuminate/Container/Container.php(731): Illuminate\\Foundation\\Application->resolve('blade.compiler', Array)
#5 /var/www/html/souvenirbag/vendor/laravel/framework/src/Illuminate/Foundation/Application.php(948): Illuminate\\Container\\Container->make('blade.compiler', Array)
#6 /var/www/html/souvenirbag/vendor/laravel/framework/src/Illuminate/Container/Container.php(1454): Illuminate\\Foundation\\Application->make('blade.compiler')
#7 /var/www/html/souvenirbag/vendor/laravel/framework/src/Illuminate/Support/Facades/Facade.php(237): Illuminate\\Container\\Container->offsetGet('blade.compiler')
#8 /var/www/html/souvenirbag/vendor/laravel/framework/src/Illuminate/Support/Facades/Facade.php(208): Illuminate\\Support\\Facades\\Facade::resolveFacadeInstance('blade.compiler')
#9 /var/www/html/souvenirbag/vendor/laravel/framework/src/Illuminate/Support/Facades/Facade.php(349): Illuminate\\Support\\Facades\\Facade::getFacadeRoot()
#10 /var/www/html/souvenirbag/vendor/kyslik/column-sortable/src/ColumnSortable/ColumnSortableServiceProvider.php(38): Illuminate\\Support\\Facades\\Facade::__callStatic('directive', Array)
#11 /var/www/html/souvenirbag/vendor/laravel/framework/src/Illuminate/Container/BoundMethod.php(36): Kyslik\\ColumnSortable\\ColumnSortableServiceProvider->boot()
#12 /var/www/html/souvenirbag/vendor/laravel/framework/src/Illuminate/Container/Util.php(41): Illuminate\\Container\\BoundMethod::Illuminate\\Container\\{closure}()
#13 /var/www/html/souvenirbag/vendor/laravel/framework/src/Illuminate/Container/BoundMethod.php(93): Illuminate\\Container\\Util::unwrapIfClosure(Object(Closure))
#14 /var/www/html/souvenirbag/vendor/laravel/framework/src/Illuminate/Container/BoundMethod.php(37): Illuminate\\Container\\BoundMethod::callBoundMethod(Object(Illuminate\\Foundation\\Application), Array, Object(Closure))
#15 /var/www/html/souvenirbag/vendor/laravel/framework/src/Illuminate/Container/Container.php(662): Illuminate\\Container\\BoundMethod::call(Object(Illuminate\\Foundation\\Application), Array, Array, NULL)
#16 /var/www/html/souvenirbag/vendor/laravel/framework/src/Illuminate/Foundation/Application.php(1036): Illuminate\\Container\\Container->call(Array)
#17 /var/www/html/souvenirbag/vendor/laravel/framework/src/Illuminate/Foundation/Application.php(1017): Illuminate\\Foundation\\Application->bootProvider(Object(Kyslik\\ColumnSortable\\ColumnSortableServiceProvider))
#18 [internal function]: Illuminate\\Foundation\\Application->Illuminate\\Foundation\\{closure}(Object(Kyslik\\ColumnSortable\\ColumnSortableServiceProvider), 16)
#19 /var/www/html/souvenirbag/vendor/laravel/framework/src/Illuminate/Foundation/Application.php(1018): array_walk(Array, Object(Closure))
#20 /var/www/html/souvenirbag/vendor/laravel/framework/src/Illuminate/Foundation/Bootstrap/BootProviders.php(17): Illuminate\\Foundation\\Application->boot()
#21 /var/www/html/souvenirbag/vendor/laravel/framework/src/Illuminate/Foundation/Application.php(263): Illuminate\\Foundation\\Bootstrap\\BootProviders->bootstrap(Object(Illuminate\\Foundation\\Application))
#22 /var/www/html/souvenirbag/vendor/laravel/framework/src/Illuminate/Foundation/Console/Kernel.php(447): Illuminate\\Foundation\\Application->bootstrapWith(Array)
#23 /var/www/html/souvenirbag/vendor/laravel/framework/src/Illuminate/Foundation/Console/Kernel.php(199): Illuminate\\Foundation\\Console\\Kernel->bootstrap()
#24 /var/www/html/souvenirbag/artisan(37): Illuminate\\Foundation\\Console\\Kernel->handle(Object(Symfony\\Component\\Console\\Input\\ArgvInput), Object(Symfony\\Component\\Console\\Output\\ConsoleOutput))
#25 {main}
"} 
[2026-06-27 12:52:38] testing.ERROR: Class "Illuminate\Support\Facades\Schedule" not found {"exception":"[object] (Error(code: 0): Class \"Illuminate\\Support\\Facades\\Schedule\" not found at /var/www/html/souvenirbag/routes/console.php:24)
[stacktrace]
#0 /var/www/html/souvenirbag/app/Console/Kernel.php(25): require()
#1 /var/www/html/souvenirbag/vendor/laravel/framework/src/Illuminate/Foundation/Console/Kernel.php(453): App\\Console\\Kernel->commands()
#2 /var/www/html/souvenirbag/vendor/laravel/framework/src/Illuminate/Foundation/Console/Kernel.php(199): Illuminate\\Foundation\\Console\\Kernel->bootstrap()
#3 /var/www/html/souvenirbag/artisan(37): Illuminate\\Foundation\\Console\\Kernel->handle(Object(Symfony\\Component\\Console\\Input\\ArgvInput), Object(Symfony\\Component\\Console\\Output\\ConsoleOutput))
#4 {main}
"} 
